<?xml version="1.0" encoding="UTF-8"?>
<!-- Generated by org.testng.reporters.JUnitReportReporter -->
<testsuite hostname="Bhupender-PC" failures="0" tests="1" name="com.Payment.CreateAPI.test.approvePayment" time="0.023" errors="0" timestamp="2023-09-15T17:03:29 IST" skipped="0">
  <testcase classname="com.Payment.CreateAPI.test.approvePayment" name="validateApporvalRequest" time="0.023"/>
</testsuite> <!-- com.Payment.CreateAPI.test.approvePayment -->
