<?xml version="1.0" encoding="UTF-8"?>
<!-- Generated by org.testng.reporters.JUnitReportReporter -->
<testsuite hostname="Bhupender-PC" failures="0" tests="1" name="com.RestApi.GetPaymentAPI.test.getBookingDetailsApi" time="9.162" errors="0" timestamp="2023-07-09T16:20:55 IST" skipped="0">
  <testcase classname="com.RestApi.GetPaymentAPI.test.getBookingDetailsApi" name="GetBookingDetails" time="9.162"/>
</testsuite> <!-- com.RestApi.GetPaymentAPI.test.getBookingDetailsApi -->
