<?xml version="1.0" encoding="UTF-8"?>
<!-- Generated by org.testng.reporters.JUnitReportReporter -->
<testsuite hostname="Bhupender-PC" failures="0" tests="1" name="com.Payment.CreateAPI.test.CreatePayment" time="6.450" errors="0" timestamp="2023-07-09T17:47:44 IST" skipped="0">
  <testcase classname="com.Payment.CreateAPI.test.CreatePayment" name="CreatePayment_test" time="6.450"/>
</testsuite> <!-- com.Payment.CreateAPI.test.CreatePayment -->
