<?xml version="1.0" encoding="UTF-8"?>
<!-- Generated by org.testng.reporters.JUnitReportReporter -->
<testsuite hostname="Bhupender-PC" failures="0" tests="1" name="com.Payment.CreateAPI.test.SearchPaymentAPI" time="0.024" errors="0" timestamp="2023-09-08T23:14:36 IST" skipped="0">
  <testcase classname="com.Payment.CreateAPI.test.SearchPaymentAPI" name="searchPaymentValidation" time="0.024"/>
</testsuite> <!-- com.Payment.CreateAPI.test.SearchPaymentAPI -->
